<?xml version="1.0" encoding="UTF-8"?>
<testsuite name="ru.netology.test.CardDeliveryFormTest" tests="1" skipped="0" failures="0" errors="0" timestamp="2021-12-08T21:15:57" hostname="WIN-7HQTFIRRJS5" time="10.756">
  <properties/>
  <testcase name="ShouldChangePlanMeeting()" classname="ru.netology.test.CardDeliveryFormTest" time="10.756"/>
  <system-out><![CDATA[]]></system-out>
  <system-err><![CDATA[Starting ChromeDriver 96.0.4664.45 (76e4c1bb2ab4671b8beba3444e61c0f17584b2fc-refs/branch-heads/4664@{#947}) on port 21948
Only local connections are allowed.
Please see https://chromedriver.chromium.org/security-considerations for suggestions on keeping ChromeDriver safe.
ChromeDriver was started successfully.
дек. 09, 2021 12:16:04 AM org.openqa.selenium.remote.ProtocolHandshake createSession
INFO: Detected dialect: W3C
]]></system-err>
</testsuite>
